Generated at 2024-04-30 16:14:09 +0530
Chef::Exceptions::RecipeNotFound: could not find recipe default for cookbook test
/Users/sosaha/chef/chef/chef/lib/chef/cookbook_version.rb:207:in `load_recipe'
/Users/sosaha/chef/chef/chef/lib/chef/run_context.rb:429:in `load_recipe'
/Users/sosaha/chef/chef/chef/lib/chef/run_context/cookbook_compiler.rb:228:in `block in compile_recipes'
/Users/sosaha/chef/chef/chef/lib/chef/run_context/cookbook_compiler.rb:225:in `each'
/Users/sosaha/chef/chef/chef/lib/chef/run_context/cookbook_compiler.rb:225:in `compile_recipes'
/Users/sosaha/chef/chef/chef/lib/chef/run_context/cookbook_compiler.rb:109:in `compile'
/Users/sosaha/chef/chef/chef/lib/chef/run_context.rb:259:in `load'
/Users/sosaha/chef/chef/chef/lib/chef/policy_builder/expand_node_object.rb:103:in `setup_run_context'
/Users/sosaha/.rbenv/versions/3.1.4/lib/ruby/3.1.0/forwardable.rb:238:in `setup_run_context'
/Users/sosaha/chef/chef/chef/lib/chef/client.rb:508:in `setup_run_context'
/Users/sosaha/chef/chef/chef/lib/chef/client.rb:294:in `run'
/Users/sosaha/chef/chef/chef/lib/chef/application.rb:305:in `run_with_graceful_exit_option'
/Users/sosaha/chef/chef/chef/lib/chef/application.rb:281:in `block in run_chef_client'
/Users/sosaha/chef/chef/chef/lib/chef/local_mode.rb:42:in `with_server_connectivity'
/Users/sosaha/chef/chef/chef/lib/chef/application.rb:264:in `run_chef_client'
/Users/sosaha/chef/chef/chef/lib/chef/application/base.rb:354:in `run_application'
/Users/sosaha/chef/chef/chef/lib/chef/application.rb:67:in `run'
/Users/sosaha/chef/chef/chef/chef-bin/bin/chef-client:25:in `<top (required)>'
/Users/sosaha/.rbenv/versions/3.1.4/lib/ruby/gems/3.1.0/bin/chef-client:25:in `load'
/Users/sosaha/.rbenv/versions/3.1.4/lib/ruby/gems/3.1.0/bin/chef-client:25:in `<top (required)>'
/Users/sosaha/.rbenv/versions/3.1.4/lib/ruby/gems/3.1.0/gems/bundler-2.4.13/lib/bundler/cli/exec.rb:58:in `load'
/Users/sosaha/.rbenv/versions/3.1.4/lib/ruby/gems/3.1.0/gems/bundler-2.4.13/lib/bundler/cli/exec.rb:58:in `kernel_load'
/Users/sosaha/.rbenv/versions/3.1.4/lib/ruby/gems/3.1.0/gems/bundler-2.4.13/lib/bundler/cli/exec.rb:23:in `run'
/Users/sosaha/.rbenv/versions/3.1.4/lib/ruby/gems/3.1.0/gems/bundler-2.4.13/lib/bundler/cli.rb:492:in `exec'
/Users/sosaha/.rbenv/versions/3.1.4/lib/ruby/gems/3.1.0/gems/bundler-2.4.13/lib/bundler/vendor/thor/lib/thor/command.rb:27:in `run'
/Users/sosaha/.rbenv/versions/3.1.4/lib/ruby/gems/3.1.0/gems/bundler-2.4.13/lib/bundler/vendor/thor/lib/thor/invocation.rb:127:in `invoke_command'
/Users/sosaha/.rbenv/versions/3.1.4/lib/ruby/gems/3.1.0/gems/bundler-2.4.13/lib/bundler/vendor/thor/lib/thor.rb:392:in `dispatch'
/Users/sosaha/.rbenv/versions/3.1.4/lib/ruby/gems/3.1.0/gems/bundler-2.4.13/lib/bundler/cli.rb:34:in `dispatch'
/Users/sosaha/.rbenv/versions/3.1.4/lib/ruby/gems/3.1.0/gems/bundler-2.4.13/lib/bundler/vendor/thor/lib/thor/base.rb:485:in `start'
/Users/sosaha/.rbenv/versions/3.1.4/lib/ruby/gems/3.1.0/gems/bundler-2.4.13/lib/bundler/cli.rb:28:in `start'
/Users/sosaha/.rbenv/versions/3.1.4/lib/ruby/gems/3.1.0/gems/bundler-2.4.13/exe/bundle:45:in `block in <top (required)>'
/Users/sosaha/.rbenv/versions/3.1.4/lib/ruby/gems/3.1.0/gems/bundler-2.4.13/lib/bundler/friendly_errors.rb:117:in `with_friendly_errors'
/Users/sosaha/.rbenv/versions/3.1.4/lib/ruby/gems/3.1.0/gems/bundler-2.4.13/exe/bundle:33:in `<top (required)>'
/Users/sosaha/.rbenv/versions/3.1.4/bin/bundle:25:in `load'
/Users/sosaha/.rbenv/versions/3.1.4/bin/bundle:25:in `<main>'